./build_layout.bash 07d586305b8c06e8c1a94b8b5ea2d0e1 MD1 "MD1-StandardBlank-0.kll" "MD1-StandardBlank-1.kll"  2>&1
+ cmake /srv/KiiConf/controller -DScanModule=MD1 -DCHIP=mk20dx128vlf5 -DMacroModule=PartialMap -DOutputModule=pjrcUSB -DDebugModule=full -DBaseMap=defaultMap '-DDefaultMap=MD1-StandardBlank-0 stdFuncMap' '-DPartialMaps=MD1-StandardBlank-1 stdFuncMap'
-- Compiler Family:
arm
-- Compiler Selected:
gcc
-- Chip Selected:
mk20dx128vlf5
-- Chip Family:
mk20dx
-- CPU Selected:
cortex-m4
-- Compiler Source Files:
Lib/mk20dx.c;Lib/delay.c
-- Bootloader Type:
dfu
-- Detected Scan Module Source Files:
Scan/MatrixARM/matrix_scan.c;Scan/MD1/scan_loop.c
-- Detected Macro Module Source Files:
Macro/PartialMap/macro.c
-- Detected Output Module Source Files:
Output/pjrcUSB/output_com.c;Output/pjrcUSB/arm/usb_desc.c;Output/pjrcUSB/arm/usb_dev.c;Output/pjrcUSB/arm/usb_joystick.c;Output/pjrcUSB/arm/usb_keyboard.c;Output/pjrcUSB/arm/usb_mem.c;Output/pjrcUSB/arm/usb_mouse.c;Output/pjrcUSB/arm/usb_serial.c
-- Detected Debug Module Source Files:
Debug/cli/cli.c;Debug/led/led.c;Debug/print/print.c
-- Found Git: /usr/bin/git (found version "1.9.1") 
-- Found Ctags: /usr/bin/ctags (found version "5.9~svn20110310") 
ctags: cannot open tag file : Permission denied
-- Detected Layout Files:
/srv/KiiConf/controller/Scan/MatrixARM/capabilities.kll
/srv/KiiConf/controller/Macro/PartialMap/capabilities.kll
/srv/KiiConf/controller/Output/pjrcUSB/capabilities.kll
/srv/KiiConf/controller/Scan/MD1/defaultMap.kll
/srv/KiiConf/tmp/07d586305b8c06e8c1a94b8b5ea2d0e1/MD1-StandardBlank-0.kll
/srv/KiiConf/controller/kll/layouts/stdFuncMap.kll
/srv/KiiConf/tmp/07d586305b8c06e8c1a94b8b5ea2d0e1/MD1-StandardBlank-1.kll
/srv/KiiConf/controller/kll/layouts/stdFuncMap.kll
-- Found DFU_SUFFIX: /usr/local/bin/dfu-suffix (found version "0.8") 
-- Configuring done
-- Generating done
-- Build files have been written to: /srv/KiiConf/tmp/07d586305b8c06e8c1a94b8b5ea2d0e1
+ make -j
[  5%] Generating KLL Layout
Scanning dependencies of target kiibohd.elf
[ 15%] [ 15%] [ 26%] [ 26%] [ 31%] [ 36%] Building C object CMakeFiles/kiibohd.elf.dir/Lib/mk20dx.c.o
Building C object CMakeFiles/kiibohd.elf.dir/Scan/MD1/scan_loop.c.o
Building C object CMakeFiles/kiibohd.elf.dir/Lib/delay.c.o
[ 42%] [ 47%] Building C object CMakeFiles/kiibohd.elf.dir/Scan/MatrixARM/matrix_scan.c.o
[ 52%] Building C object CMakeFiles/kiibohd.elf.dir/Output/pjrcUSB/output_com.c.o
[ 57%] Building C object CMakeFiles/kiibohd.elf.dir/Macro/PartialMap/macro.c.o
Building C object CMakeFiles/kiibohd.elf.dir/main.c.o
[ 63%] Building C object CMakeFiles/kiibohd.elf.dir/Output/pjrcUSB/arm/usb_dev.c.o
Building C object CMakeFiles/kiibohd.elf.dir/Output/pjrcUSB/arm/usb_desc.c.o
[ 68%] Building C object CMakeFiles/kiibohd.elf.dir/Output/pjrcUSB/arm/usb_joystick.c.o
Building C object CMakeFiles/kiibohd.elf.dir/Output/pjrcUSB/arm/usb_keyboard.c.o
Building C object CMakeFiles/kiibohd.elf.dir/Output/pjrcUSB/arm/usb_mem.c.o
[ 73%] [ 78%] Building C object CMakeFiles/kiibohd.elf.dir/Output/pjrcUSB/arm/usb_serial.c.o
Building C object CMakeFiles/kiibohd.elf.dir/Output/pjrcUSB/arm/usb_mouse.c.o
[ 84%] [ 89%] [ 94%] Building C object CMakeFiles/kiibohd.elf.dir/Debug/print/print.c.o
Building C object CMakeFiles/kiibohd.elf.dir/Debug/cli/cli.c.o
Building C object CMakeFiles/kiibohd.elf.dir/Debug/led/led.c.o
Linking C executable kiibohd.elf
Create and sign dfu bin file:  kiibohd.dfu.bin
Creating Extended Listing:     kiibohd.lss
Creating Symbol Table:         kiibohd.sym
[ 94%] Built target kiibohd.elf
Scanning dependencies of target SizeAfter
[100%] Chip usage for mk20dx128vlf5
	[1m SRAM[m: 	[1;32m43%[m 	7064/16384	bytes
	[1mFlash[m: 	[1;32m20%[m 	26540/126976	bytes
[100%] Built target SizeAfter
+ RETVAL=0
+ set +x
